<?xml version="1.0" encoding="UTF-8"?>
<testng-results ignored="0" total="1" passed="1" failed="0" skipped="0">
  <reporter-output>
  </reporter-output>
  <suite started-at="2024-06-08T15:01:36 IST" name="Default suite" finished-at="2024-06-08T15:02:23 IST" duration-ms="46953">
    <groups>
    </groups>
    <test started-at="2024-06-08T15:01:36 IST" name="Default test" finished-at="2024-06-08T15:02:23 IST" duration-ms="46953">
      <class name="com.AmazonTest.com.AmazonProject">
        <test-method signature="ClearTripTestCases()[pri:0, instance:com.AmazonTest.com.AmazonProject@7c37508a]" started-at="2024-06-08T15:01:36 IST" name="ClearTripTestCases" finished-at="2024-06-08T15:02:23 IST" duration-ms="46781" status="PASS">
          <reporter-output>
          </reporter-output>
        </test-method> <!-- ClearTripTestCases -->
      </class> <!-- com.AmazonTest.com.AmazonProject -->
    </test> <!-- Default test -->
  </suite> <!-- Default suite -->
</testng-results>
